<?xml version="1.0" encoding="UTF-8"?>
<testsuite name="gumball.GumballStubTest" tests="3" skipped="0" failures="0" errors="0" timestamp="2017-11-10T07:59:32" hostname="macbox.local" time="0.002">
  <properties/>
  <testcase name="testHappy" classname="gumball.GumballStubTest" time="0.002"/>
  <testcase name="testNoQuarter" classname="gumball.GumballStubTest" time="0.0"/>
  <testcase name="testHasQuarter" classname="gumball.GumballStubTest" time="0.0"/>
  <system-out><![CDATA[]]></system-out>
  <system-err><![CDATA[]]></system-err>
</testsuite>
